This file contains any messages produced by compilers while
running configure, to aid debugging if configure makes a mistake.

It was created by configure, which was
generated by GNU Autoconf 2.59.  Invocation command line was

  $ ./configure --host=linux

## --------- ##
## Platform. ##
## --------- ##

hostname = WINDESK14
uname -m = x86_64
uname -r = 2.11.1(0.329/5/3)
uname -s = CYGWIN_NT-6.1
uname -v = 2018-09-05 10:24

/usr/bin/uname -p = unknown
/bin/uname -X     = unknown

/bin/arch              = x86_64
/usr/bin/arch -k       = unknown
/usr/convex/getsysinfo = unknown
hostinfo               = unknown
/bin/machine           = unknown
/usr/bin/oslevel       = unknown
/bin/universe          = unknown

PATH: /usr/local/bin
PATH: /usr/bin
PATH: /cygdrive/c/XDS-2.60/bin
PATH: /cygdrive/c/ProgramData/Oracle/Java/javapath
PATH: /cygdrive/c/Program Files (x86)/Intel/iCLS Client
PATH: /cygdrive/c/Program Files/Intel/iCLS Client
PATH: /cygdrive/c/Program Files (x86)/AMD APP/bin/x86_64
PATH: /cygdrive/c/Program Files (x86)/AMD APP/bin/x86
PATH: /cygdrive/c/Windows/system32
PATH: /cygdrive/c/Windows
PATH: /cygdrive/c/Windows/System32/Wbem
PATH: /cygdrive/c/Windows/System32/WindowsPowerShell/v1.0
PATH: /cygdrive/c/Program Files (x86)/ATI Technologies/ATI.ACE/Core-Static
PATH: /cygdrive/c/Program Files (x86)/Intel/Intel(R) Management Engine Components/DAL
PATH: /cygdrive/c/Program Files/Intel/Intel(R) Management Engine Components/DAL
PATH: /cygdrive/c/Program Files (x86)/Intel/Intel(R) Management Engine Components/IPT
PATH: /cygdrive/c/Program Files/Intel/Intel(R) Management Engine Components/IPT
PATH: /cygdrive/c/Program Files/PuTTY
PATH: /cygdrive/c/PROGRA~1/IBM/IBMDAT~1/BIN
PATH: /cygdrive/c/Program Files/Microsoft SQL Server/Client SDK/ODBC/110/Tools/Binn
PATH: /cygdrive/c/Program Files (x86)/Microsoft SQL Server/120/Tools/Binn
PATH: /cygdrive/c/Program Files/Microsoft SQL Server/120/Tools/Binn
PATH: /cygdrive/c/Program Files/Microsoft SQL Server/120/DTS/Binn
PATH: /cygdrive/c/Program Files (x86)/Microsoft SQL Server/120/Tools/Binn/ManagementStudio
PATH: /cygdrive/c/Program Files (x86)/Microsoft SQL Server/120/DTS/Binn
PATH: /cygdrive/c/Go/bin
PATH: /cygdrive/c/Program Files (x86)/Oxford Oberon-2 compiler
PATH: /cygdrive/c/Users/gmueller/go/bin


## ----------- ##
## Core tests. ##
## ----------- ##

configure:1315: checking for linux-gcc
configure:1344: result: no
configure:1353: checking for gcc
configure:1369: found /usr/bin/gcc
configure:1379: result: gcc
configure:1623: checking for C compiler version
configure:1626: gcc --version </dev/null >&5
gcc (GCC) 7.3.0
Copyright (C) 2017 Free Software Foundation, Inc.
This is free software; see the source for copying conditions.  There is NO
warranty; not even for MERCHANTABILITY or FITNESS FOR A PARTICULAR PURPOSE.

configure:1629: $? = 0
configure:1631: gcc -v </dev/null >&5
Using built-in specs.
COLLECT_GCC=gcc
COLLECT_LTO_WRAPPER=/usr/lib/gcc/x86_64-pc-cygwin/7.3.0/lto-wrapper.exe
Target: x86_64-pc-cygwin
Configured with: /cygdrive/i/szsz/tmpp/gcc/gcc-7.3.0-3.x86_64/src/gcc-7.3.0/configure --srcdir=/cygdrive/i/szsz/tmpp/gcc/gcc-7.3.0-3.x86_64/src/gcc-7.3.0 --prefix=/usr --exec-prefix=/usr --localstatedir=/var --sysconfdir=/etc --docdir=/usr/share/doc/gcc --htmldir=/usr/share/doc/gcc/html -C --build=x86_64-pc-cygwin --host=x86_64-pc-cygwin --target=x86_64-pc-cygwin --without-libiconv-prefix --without-libintl-prefix --libexecdir=/usr/lib --enable-shared --enable-shared-libgcc --enable-static --enable-version-specific-runtime-libs --enable-bootstrap --enable-__cxa_atexit --with-dwarf2 --with-tune=generic --enable-languages=ada,c,c++,fortran,lto,objc,obj-c++ --enable-graphite --enable-threads=posix --enable-libatomic --enable-libcilkrts --enable-libgomp --enable-libitm --enable-libquadmath --enable-libquadmath-support --disable-libssp --enable-libada --disable-symvers --with-gnu-ld --with-gnu-as --with-cloog-include=/usr/include/cloog-isl --without-libiconv-prefix --without-libintl-prefix --with-system-zlib --enable-linker-build-id --with-default-libstdcxx-abi=gcc4-compatible --enable-libstdcxx-filesystem-ts
Thread model: posix
gcc version 7.3.0 (GCC) 
configure:1634: $? = 0
configure:1636: gcc -V </dev/null >&5
gcc: error: unrecognized command line option '-V'
gcc: fatal error: no input files
compilation terminated.
configure:1639: $? = 1
configure:1662: checking for C compiler default output file name
configure:1665: gcc    conftest.c  >&5
configure:1668: $? = 0
configure:1714: result: a.exe
configure:1719: checking whether the C compiler works
configure:1725: ./a.exe
configure:1728: $? = 0
configure:1745: result: yes
configure:1752: checking whether we are cross compiling
configure:1754: result: no
configure:1757: checking for suffix of executables
configure:1759: gcc -o conftest.exe    conftest.c  >&5
configure:1762: $? = 0
configure:1787: result: .exe
configure:1793: checking for suffix of object files
configure:1814: gcc -c   conftest.c >&5
configure:1817: $? = 0
configure:1839: result: o
configure:1843: checking whether we are using the GNU C compiler
configure:1867: gcc -c   conftest.c >&5
configure:1873: $? = 0
configure:1877: test -z 
			 || test ! -s conftest.err
configure:1880: $? = 0
configure:1883: test -s conftest.o
configure:1886: $? = 0
configure:1899: result: yes
configure:1905: checking whether gcc accepts -g
configure:1926: gcc -c -g  conftest.c >&5
configure:1932: $? = 0
configure:1936: test -z 
			 || test ! -s conftest.err
configure:1939: $? = 0
configure:1942: test -s conftest.o
configure:1945: $? = 0
configure:1956: result: yes
configure:1973: checking for gcc option to accept ANSI C
configure:2043: gcc  -c -g -O2  conftest.c >&5
configure:2049: $? = 0
configure:2053: test -z 
			 || test ! -s conftest.err
configure:2056: $? = 0
configure:2059: test -s conftest.o
configure:2062: $? = 0
configure:2080: result: none needed
configure:2098: gcc -c -g -O2  conftest.c >&5
conftest.c:2:3: error: unknown type name 'choke'
   choke me
   ^~~~~
conftest.c:2:3: error: expected '=', ',', ';', 'asm' or '__attribute__' at end of input
configure:2104: $? = 1
configure: failed program was:
| #ifndef __cplusplus
|   choke me
| #endif
configure:2275: checking for a BSD-compatible install
configure:2330: result: /usr/bin/install -c
configure:2341: checking whether make sets $(MAKE)
configure:2361: result: yes
configure:2374: checking for m4
configure:2390: found /usr/bin/m4
configure:2400: result: m4
configure:2415: checking for perl
configure:2431: found /usr/bin/perl
configure:2441: result: perl
configure:2455: checking for main in -ldl
configure:2479: gcc -o conftest.exe -g -O2   conftest.c -ldl   >&5
configure:2485: $? = 0
configure:2489: test -z 
			 || test ! -s conftest.err
configure:2492: $? = 0
configure:2495: test -s conftest.exe
configure:2498: $? = 0
configure:2511: result: yes
configure:2523: checking for main in -lm
configure:2547: gcc -o conftest.exe -g -O2   conftest.c -lm  -ldl  >&5
configure:2553: $? = 0
configure:2557: test -z 
			 || test ! -s conftest.err
configure:2560: $? = 0
configure:2563: test -s conftest.exe
configure:2566: $? = 0
configure:2579: result: yes
configure:2597: checking build system type
configure:2606: error: cannot guess build type; you must specify one

## ---------------- ##
## Cache variables. ##
## ---------------- ##

ac_cv_build_alias=
ac_cv_c_compiler_gnu=yes
ac_cv_env_CC_set=
ac_cv_env_CC_value=
ac_cv_env_CFLAGS_set=
ac_cv_env_CFLAGS_value=
ac_cv_env_CPPFLAGS_set=
ac_cv_env_CPPFLAGS_value=
ac_cv_env_CPP_set=
ac_cv_env_CPP_value=
ac_cv_env_LDFLAGS_set=
ac_cv_env_LDFLAGS_value=
ac_cv_env_build_alias_set=
ac_cv_env_build_alias_value=
ac_cv_env_host_alias_set=set
ac_cv_env_host_alias_value=linux
ac_cv_env_target_alias_set=
ac_cv_env_target_alias_value=
ac_cv_exeext=.exe
ac_cv_lib_dl_main=yes
ac_cv_lib_m_main=yes
ac_cv_objext=o
ac_cv_path_install='/usr/bin/install -c'
ac_cv_prog_M4=m4
ac_cv_prog_PERL=perl
ac_cv_prog_ac_ct_CC=gcc
ac_cv_prog_cc_g=yes
ac_cv_prog_cc_stdc=
ac_cv_prog_make_make_set=yes

## ----------------- ##
## Output variables. ##
## ----------------- ##

ALLOCA=''
ASMOBJS=''
BIGOBJS=''
CC='gcc'
CFLAGS='-g -O2'
COMPOBJS=''
CPP=''
CPPFLAGS=''
DEFS=''
DLOBJS=''
DLOPTION=''
ECHO_C=''
ECHO_N='-n'
ECHO_T=''
EGREP=''
EXEEXT='.exe'
FLOOBJS=''
INSTALL_DATA='${INSTALL} -m 644'
INSTALL_PROGRAM='${INSTALL}'
INSTALL_SCRIPT='${INSTALL}'
LDFLAGS=''
LIBOBJS=''
LIBS='-lm -ldl '
LTLIBOBJS=''
M4='m4'
OBJEXT='o'
PACKAGE_BUGREPORT=''
PACKAGE_NAME=''
PACKAGE_STRING=''
PACKAGE_TARNAME=''
PACKAGE_VERSION=''
PATH_SEPARATOR=':'
PERL='perl'
SET_MAKE=''
SHARED_OPTION=''
SHELL='/bin/sh'
SIGNALOBJS=''
ac_ct_CC='gcc'
bindir='${exec_prefix}/bin'
build=''
build_alias=''
build_cpu=''
build_os=''
build_vendor=''
compile=''
datadir='${prefix}/share'
exec_prefix='NONE'
host='linux'
host_alias='linux'
host_cpu=''
host_os=''
host_vendor=''
includedir='${prefix}/include'
infodir='${prefix}/info'
install_libutilisp=''
install_ofiles=''
libdir='${exec_prefix}/lib'
libexecdir='${exec_prefix}/libexec'
libutilisp=''
localstatedir='${prefix}/var'
mandir='${prefix}/man'
oldincludedir='/usr/include'
prefix='NONE'
program_transform_name='s,x,x,'
sbindir='${exec_prefix}/sbin'
sharedstatedir='${prefix}/com'
sysconfdir='${prefix}/etc'
target=''
target_alias=''
target_cpu=''
target_os=''
target_vendor=''

## ----------- ##
## confdefs.h. ##
## ----------- ##

#define HAVE_LIBDL 1
#define HAVE_LIBM 1
#define PACKAGE_BUGREPORT ""
#define PACKAGE_NAME ""
#define PACKAGE_STRING ""
#define PACKAGE_TARNAME ""
#define PACKAGE_VERSION ""

configure: exit 1
